Arguments: 
  /home/daniele/.nvm/versions/node/v14.17.3/bin/node /home/daniele/.yarn/bin/yarn.js init

PATH: 
  /home/daniele/.yarn/bin:/home/daniele/.config/yarn/global/node_modules/.bin:/home/daniele/.yarn/bin:/home/daniele/.config/yarn/global/node_modules/.bin:/home/daniele/.nvm/versions/node/v14.17.3/bin:/usr/local/lib/node//bin:/home/daniele/.local/bin:/usr/local/sbin:/usr/local/bin:/usr/sbin:/usr/bin:/sbin:/bin:/usr/games:/usr/local/games:/snap/bin:/usr/lib/jvm/java-14-oracle/bin:/usr/lib/jvm/java-14-oracle/db/bin:/home/daniele/Android/Sdk/tools:/home/daniele/Android/Sdk/platform-tools:/home/daniele/.yarn/bin:/home/daniele/.yarn/bin

Yarn version: 
  1.22.15

Node version: 
  14.17.3

Platform: 
  linux x64

Trace: 
  Error: canceled
      at Interface.<anonymous> (/home/daniele/.yarn/lib/cli.js:137145:13)
      at Interface.emit (events.js:375:28)
      at Interface._ttyWrite (readline.js:910:16)
      at ReadStream.onkeypress (readline.js:235:10)
      at ReadStream.emit (events.js:375:28)
      at emitKeys (internal/readline/utils.js:358:14)
      at emitKeys.next (<anonymous>)
      at ReadStream.onData (readline.js:1179:36)
      at ReadStream.emit (events.js:375:28)
      at addChunk (internal/streams/readable.js:290:12)

npm manifest: 
  No manifest

yarn manifest: 
  No manifest

Lockfile: 
  No lockfile
